<?xml version="1.0" encoding="UTF-8"?>
<!-- Generated by org.testng.reporters.JUnitXMLReporter -->
<testsuite hostname="DESKTOP-ECH1G2J" ignored="0" name="PositiveLoginTest.java" tests="1" failures="1" timestamp="2020-01-13T14:09:30 EET" time="0.074" errors="0">
  <testcase name="logInTest" time="0.0" classname="com.herokuapp.theinternet.login.test.PositiveLoginTest">
    <failure type="org.testng.TestNGException" message="
Parameter &amp;apos;username&amp;apos; is required by @Test on method logInTest but has not been marked @Optional or defined
in C:\Users\CRISTIANION\eclipse-workspace\the-internet-test-automation\src\test\resources\SmokeTestSuite.xml">
      <![CDATA[org.testng.TestNGException: 
Parameter 'username' is required by @Test on method logInTest but has not been marked @Optional or defined
in C:\Users\CRISTIANION\eclipse-workspace\the-internet-test-automation\src\test\resources\SmokeTestSuite.xml
at java.util.ArrayList.forEach(ArrayList.java:1257)
at java.util.concurrent.FutureTask.run(FutureTask.java:266)
at java.util.concurrent.ThreadPoolExecutor.runWorker(ThreadPoolExecutor.java:1149)
at java.util.concurrent.ThreadPoolExecutor$Worker.run(ThreadPoolExecutor.java:624)
at java.lang.Thread.run(Thread.java:748)
... Removed 17 stack frames]]>
    </failure>
  </testcase> <!-- logInTest -->
</testsuite> <!-- PositiveLoginTest.java -->
